c:\users\blkad\onedrive\desktop\wipmw2\x64\release\vc143.pdb
c:\users\blkad\onedrive\desktop\wipmw2\x64\release\vector2d.obj
c:\users\blkad\onedrive\desktop\wipmw2\x64\release\settings.obj
c:\users\blkad\onedrive\desktop\wipmw2\x64\release\render.obj
c:\users\blkad\onedrive\desktop\wipmw2\x64\release\menu.obj
c:\users\blkad\onedrive\desktop\wipmw2\x64\release\kiero.obj
c:\users\blkad\onedrive\desktop\wipmw2\x64\release\imgui_widgets.obj
c:\users\blkad\onedrive\desktop\wipmw2\x64\release\imgui_impl_win32.obj
c:\users\blkad\onedrive\desktop\wipmw2\x64\release\imgui_impl_dx12.obj
c:\users\blkad\onedrive\desktop\wipmw2\x64\release\imgui_impl_dx11.obj
c:\users\blkad\onedrive\desktop\wipmw2\x64\release\imgui_draw.obj
c:\users\blkad\onedrive\desktop\wipmw2\x64\release\imgui_demo.obj
c:\users\blkad\onedrive\desktop\wipmw2\x64\release\imgui.obj
c:\users\blkad\onedrive\desktop\wipmw2\x64\release\hook.obj
c:\users\blkad\onedrive\desktop\wipmw2\x64\release\global.obj
c:\users\blkad\onedrive\desktop\wipmw2\x64\release\esp.obj
c:\users\blkad\onedrive\desktop\wipmw2\x64\release\entity.obj
c:\users\blkad\onedrive\desktop\wipmw2\x64\release\dllmain.obj
c:\users\blkad\onedrive\desktop\wipmw2\x64\release\camera.obj
c:\users\blkad\onedrive\desktop\wipmw2\x64\release\trampoline.obj
c:\users\blkad\onedrive\desktop\wipmw2\x64\release\hde64.obj
c:\users\blkad\onedrive\desktop\wipmw2\x64\release\hde32.obj
c:\users\blkad\onedrive\desktop\wipmw2\x64\release\buffer.obj
c:\users\blkad\onedrive\desktop\wipmw2\x64\release\minhook.res
c:\users\blkad\desktop\wipmw2\wipmw2\x64\release\buffer.obj
c:\users\blkad\desktop\wipmw2\wipmw2\x64\release\camera.obj
c:\users\blkad\desktop\wipmw2\wipmw2\x64\release\dllmain.obj
c:\users\blkad\desktop\wipmw2\wipmw2\x64\release\entity.obj
c:\users\blkad\desktop\wipmw2\wipmw2\x64\release\esp.obj
c:\users\blkad\desktop\wipmw2\wipmw2\x64\release\global.obj
c:\users\blkad\desktop\wipmw2\wipmw2\x64\release\hde32.obj
c:\users\blkad\desktop\wipmw2\wipmw2\x64\release\hde64.obj
c:\users\blkad\desktop\wipmw2\wipmw2\x64\release\hook.obj
c:\users\blkad\desktop\wipmw2\wipmw2\x64\release\imgui.obj
c:\users\blkad\desktop\wipmw2\wipmw2\x64\release\imgui_demo.obj
c:\users\blkad\desktop\wipmw2\wipmw2\x64\release\imgui_draw.obj
c:\users\blkad\desktop\wipmw2\wipmw2\x64\release\imgui_impl_dx11.obj
c:\users\blkad\desktop\wipmw2\wipmw2\x64\release\imgui_impl_dx12.obj
c:\users\blkad\desktop\wipmw2\wipmw2\x64\release\imgui_impl_win32.obj
c:\users\blkad\desktop\wipmw2\wipmw2\x64\release\imgui_widgets.obj
c:\users\blkad\desktop\wipmw2\wipmw2\x64\release\kiero.obj
c:\users\blkad\desktop\wipmw2\wipmw2\x64\release\menu.obj
c:\users\blkad\desktop\wipmw2\wipmw2\x64\release\render.obj
c:\users\blkad\desktop\wipmw2\wipmw2\x64\release\settings.obj
c:\users\blkad\desktop\wipmw2\wipmw2\x64\release\trampoline.obj
c:\users\blkad\desktop\wipmw2\wipmw2\x64\release\vector2d.obj
c:\users\blkad\desktop\wipmw2\wipmw2\x64\release\minhook.res
c:\users\blkad\desktop\wipmw2\wipmw2\x64\release\p2w mw2 wip.pdb
c:\users\blkad\desktop\wipmw2\wipmw2\x64\release\vc143.pdb
c:\users\blkad\desktop\wipmw2\wipmw2\x64\release\p2w mw2 wip.tlog\cl.command.1.tlog
c:\users\blkad\desktop\wipmw2\wipmw2\x64\release\p2w mw2 wip.tlog\cl.read.1.tlog
c:\users\blkad\desktop\wipmw2\wipmw2\x64\release\p2w mw2 wip.tlog\cl.write.1.tlog
c:\users\blkad\desktop\wipmw2\wipmw2\x64\release\p2w mw2 wip.tlog\link-cvtres.read.1.tlog
c:\users\blkad\desktop\wipmw2\wipmw2\x64\release\p2w mw2 wip.tlog\link-cvtres.write.1.tlog
c:\users\blkad\desktop\wipmw2\wipmw2\x64\release\p2w mw2 wip.tlog\link-rc.read.1.tlog
c:\users\blkad\desktop\wipmw2\wipmw2\x64\release\p2w mw2 wip.tlog\link-rc.write.1.tlog
c:\users\blkad\desktop\wipmw2\wipmw2\x64\release\p2w mw2 wip.tlog\link.command.1.tlog
c:\users\blkad\desktop\wipmw2\wipmw2\x64\release\p2w mw2 wip.tlog\link.read.1.tlog
c:\users\blkad\desktop\wipmw2\wipmw2\x64\release\p2w mw2 wip.tlog\link.read.2.tlog
c:\users\blkad\desktop\wipmw2\wipmw2\x64\release\p2w mw2 wip.tlog\link.write.1.tlog
c:\users\blkad\desktop\wipmw2\wipmw2\x64\release\p2w mw2 wip.tlog\rc.command.1.tlog
c:\users\blkad\desktop\wipmw2\wipmw2\x64\release\p2w mw2 wip.tlog\rc.read.1.tlog
c:\users\blkad\desktop\wipmw2\wipmw2\x64\release\p2w mw2 wip.tlog\rc.write.1.tlog
